<?xml version="1.0" encoding="UTF-8"?>
<coverage generated="1749396273052" clover="3.2.0">
  <project timestamp="1749396273052" name="All files">
    <metrics statements="52" coveredstatements="52" conditionals="21" coveredconditionals="20" methods="5" coveredmethods="5" elements="78" coveredelements="77" complexity="0" loc="52" ncloc="52" packages="1" files="4" classes="4"/>
    <file name="formMessage.ts" path="C:\Users\jonsa\web-dev-frameworks\web-dev-frameworks\sprint-3\3test-driver-dev\anagrams-0\src\formMessage.ts">
      <metrics statements="13" coveredstatements="13" conditionals="7" coveredconditionals="7" methods="1" coveredmethods="1"/>
      <line num="1" count="6" type="cond" truecount="1" falsecount="0"/>
      <line num="2" count="6" type="stmt"/>
      <line num="4" count="6" type="cond" truecount="1" falsecount="0"/>
      <line num="5" count="1" type="stmt"/>
      <line num="6" count="6" type="cond" truecount="3" falsecount="0"/>
      <line num="7" count="3" type="stmt"/>
      <line num="8" count="4" type="cond" truecount="1" falsecount="0"/>
      <line num="9" count="2" type="stmt"/>
      <line num="10" count="2" type="stmt"/>
      <line num="11" count="2" type="cond" truecount="1" falsecount="0"/>
      <line num="12" count="2" type="stmt"/>
      <line num="13" count="2" type="stmt"/>
      <line num="14" count="6" type="stmt"/>
    </file>
    <file name="getAnagrams.ts" path="C:\Users\jonsa\web-dev-frameworks\web-dev-frameworks\sprint-3\3test-driver-dev\anagrams-0\src\getAnagrams.ts">
      <metrics statements="17" coveredstatements="17" conditionals="10" coveredconditionals="10" methods="2" coveredmethods="2"/>
      <line num="1" count="25331" type="cond" truecount="1" falsecount="0"/>
      <line num="2" count="25331" type="cond" truecount="2" falsecount="0"/>
      <line num="4" count="25331" type="cond" truecount="1" falsecount="0"/>
      <line num="5" count="2464" type="cond" truecount="1" falsecount="0"/>
      <line num="6" count="468" type="stmt"/>
      <line num="7" count="2464" type="cond" truecount="1" falsecount="0"/>
      <line num="8" count="1996" type="stmt"/>
      <line num="9" count="1996" type="stmt"/>
      <line num="10" count="2464" type="cond" truecount="1" falsecount="0"/>
      <line num="12" count="6" type="stmt"/>
      <line num="13" count="6" type="stmt"/>
      <line num="15" count="10" type="cond" truecount="1" falsecount="0"/>
      <line num="16" count="10" type="cond" truecount="1" falsecount="0"/>
      <line num="17" count="25335" type="cond" truecount="1" falsecount="0"/>
      <line num="18" count="10" type="stmt"/>
      <line num="19" count="10" type="stmt"/>
      <line num="21" count="1" type="stmt"/>
    </file>
    <file name="index.ts" path="C:\Users\jonsa\web-dev-frameworks\web-dev-frameworks\sprint-3\3test-driver-dev\anagrams-0\src\index.ts">
      <metrics statements="13" coveredstatements="13" conditionals="2" coveredconditionals="1" methods="1" coveredmethods="1"/>
      <line num="1" count="1" type="stmt"/>
      <line num="2" count="1" type="stmt"/>
      <line num="3" count="1" type="stmt"/>
      <line num="6" count="1" type="cond" truecount="1" falsecount="0"/>
      <line num="10" count="1" type="stmt"/>
      <line num="13" count="1" type="stmt"/>
      <line num="15" count="1" type="stmt"/>
      <line num="17" count="1" type="stmt"/>
      <line num="18" count="1" type="stmt"/>
      <line num="21" count="1" type="stmt"/>
      <line num="22" count="1" type="stmt"/>
      <line num="23" count="1" type="stmt"/>
      <line num="25" count="1" type="cond" truecount="0" falsecount="1"/>
    </file>
    <file name="showAnagrams.ts" path="C:\Users\jonsa\web-dev-frameworks\web-dev-frameworks\sprint-3\3test-driver-dev\anagrams-0\src\showAnagrams.ts">
      <metrics statements="9" coveredstatements="9" conditionals="2" coveredconditionals="2" methods="1" coveredmethods="1"/>
      <line num="1" count="1" type="stmt"/>
      <line num="2" count="1" type="stmt"/>
      <line num="3" count="1" type="stmt"/>
      <line num="5" count="3" type="cond" truecount="1" falsecount="0"/>
      <line num="6" count="3" type="stmt"/>
      <line num="7" count="3" type="stmt"/>
      <line num="8" count="3" type="stmt"/>
      <line num="10" count="3" type="cond" truecount="1" falsecount="0"/>
      <line num="11" count="3" type="stmt"/>
    </file>
  </project>
</coverage>
