{"C:\\Users\\jonsa\\web-dev-frameworks\\web-dev-frameworks\\sprint-3\\3test-driver-dev\\anagrams-0\\src\\formMessage.ts": {"path":"C:\\Users\\jonsa\\web-dev-frameworks\\web-dev-frameworks\\sprint-3\\3test-driver-dev\\anagrams-0\\src\\formMessage.ts","all":false,"statementMap":{"0":{"start":{"line":1,"column":0},"end":{"line":1,"column":57}},"1":{"start":{"line":2,"column":0},"end":{"line":2,"column":32}},"3":{"start":{"line":4,"column":0},"end":{"line":4,"column":20}},"4":{"start":{"line":5,"column":0},"end":{"line":5,"column":54}},"5":{"start":{"line":6,"column":0},"end":{"line":6,"column":27}},"6":{"start":{"line":7,"column":0},"end":{"line":7,"column":71}},"7":{"start":{"line":8,"column":0},"end":{"line":8,"column":10}},"8":{"start":{"line":9,"column":0},"end":{"line":9,"column":12}},"9":{"start":{"line":10,"column":0},"end":{"line":10,"column":55}},"10":{"start":{"line":11,"column":0},"end":{"line":11,"column":51}},"11":{"start":{"line":12,"column":0},"end":{"line":12,"column":17}},"12":{"start":{"line":13,"column":0},"end":{"line":13,"column":3}},"13":{"start":{"line":14,"column":0},"end":{"line":14,"column":1}}},"s":{"0":6,"1":6,"3":6,"4":1,"5":6,"6":3,"7":4,"8":2,"9":2,"10":2,"11":2,"12":2,"13":6},"branchMap":{"0":{"type":"branch","line":1,"loc":{"start":{"line":1,"column":0},"end":{"line":14,"column":1}},"locations":[{"start":{"line":1,"column":0},"end":{"line":14,"column":1}}]},"1":{"type":"branch","line":4,"loc":{"start":{"line":4,"column":19},"end":{"line":6,"column":13}},"locations":[{"start":{"line":4,"column":19},"end":{"line":6,"column":13}}]},"2":{"type":"branch","line":6,"loc":{"start":{"line":6,"column":2},"end":{"line":13,"column":3}},"locations":[{"start":{"line":6,"column":2},"end":{"line":13,"column":3}}]},"3":{"type":"branch","line":6,"loc":{"start":{"line":6,"column":26},"end":{"line":13,"column":3}},"locations":[{"start":{"line":6,"column":26},"end":{"line":13,"column":3}}]},"4":{"type":"branch","line":6,"loc":{"start":{"line":6,"column":26},"end":{"line":8,"column":9}},"locations":[{"start":{"line":6,"column":26},"end":{"line":8,"column":9}}]},"5":{"type":"branch","line":8,"loc":{"start":{"line":8,"column":2},"end":{"line":13,"column":3}},"locations":[{"start":{"line":8,"column":2},"end":{"line":13,"column":3}}]},"6":{"type":"branch","line":11,"loc":{"start":{"line":11,"column":22},"end":{"line":11,"column":49}},"locations":[{"start":{"line":11,"column":22},"end":{"line":11,"column":49}}]}},"b":{"0":[6],"1":[1],"2":[5],"3":[4],"4":[3],"5":[2],"6":[4]},"fnMap":{"0":{"name":"formMessage","decl":{"start":{"line":1,"column":0},"end":{"line":14,"column":1}},"loc":{"start":{"line":1,"column":0},"end":{"line":14,"column":1}},"line":1}},"f":{"0":6}}
,"C:\\Users\\jonsa\\web-dev-frameworks\\web-dev-frameworks\\sprint-3\\3test-driver-dev\\anagrams-0\\src\\getAnagrams.ts": {"path":"C:\\Users\\jonsa\\web-dev-frameworks\\web-dev-frameworks\\sprint-3\\3test-driver-dev\\anagrams-0\\src\\getAnagrams.ts","all":false,"statementMap":{"0":{"start":{"line":1,"column":0},"end":{"line":1,"column":51}},"1":{"start":{"line":2,"column":0},"end":{"line":2,"column":51}},"3":{"start":{"line":4,"column":0},"end":{"line":4,"column":30}},"4":{"start":{"line":5,"column":0},"end":{"line":5,"column":35}},"5":{"start":{"line":6,"column":0},"end":{"line":6,"column":44}},"6":{"start":{"line":7,"column":0},"end":{"line":7,"column":12}},"7":{"start":{"line":8,"column":0},"end":{"line":8,"column":19}},"8":{"start":{"line":9,"column":0},"end":{"line":9,"column":5}},"9":{"start":{"line":10,"column":0},"end":{"line":10,"column":3}},"11":{"start":{"line":12,"column":0},"end":{"line":12,"column":14}},"12":{"start":{"line":13,"column":0},"end":{"line":13,"column":1}},"14":{"start":{"line":15,"column":0},"end":{"line":15,"column":58}},"15":{"start":{"line":16,"column":0},"end":{"line":16,"column":40}},"16":{"start":{"line":17,"column":0},"end":{"line":17,"column":58}},"17":{"start":{"line":18,"column":0},"end":{"line":18,"column":5}},"18":{"start":{"line":19,"column":0},"end":{"line":19,"column":1}},"20":{"start":{"line":21,"column":0},"end":{"line":21,"column":27}}},"s":{"0":25331,"1":25331,"3":25331,"4":2464,"5":468,"6":2464,"7":1996,"8":1996,"9":2464,"11":6,"12":6,"14":10,"15":10,"16":25335,"17":10,"18":10,"20":1},"branchMap":{"0":{"type":"branch","line":1,"loc":{"start":{"line":1,"column":0},"end":{"line":13,"column":1}},"locations":[{"start":{"line":1,"column":0},"end":{"line":13,"column":1}}]},"1":{"type":"branch","line":2,"loc":{"start":{"line":2,"column":38},"end":{"line":2,"column":51}},"locations":[{"start":{"line":2,"column":38},"end":{"line":2,"column":51}}]},"2":{"type":"branch","line":2,"loc":{"start":{"line":2,"column":45},"end":{"line":4,"column":29}},"locations":[{"start":{"line":2,"column":45},"end":{"line":4,"column":29}}]},"3":{"type":"branch","line":4,"loc":{"start":{"line":4,"column":29},"end":{"line":10,"column":3}},"locations":[{"start":{"line":4,"column":29},"end":{"line":10,"column":3}}]},"4":{"type":"branch","line":5,"loc":{"start":{"line":5,"column":34},"end":{"line":7,"column":11}},"locations":[{"start":{"line":5,"column":34},"end":{"line":7,"column":11}}]},"5":{"type":"branch","line":7,"loc":{"start":{"line":7,"column":4},"end":{"line":9,"column":5}},"locations":[{"start":{"line":7,"column":4},"end":{"line":9,"column":5}}]},"6":{"type":"branch","line":10,"loc":{"start":{"line":10,"column":2},"end":{"line":13,"column":1}},"locations":[{"start":{"line":10,"column":2},"end":{"line":13,"column":1}}]},"7":{"type":"branch","line":15,"loc":{"start":{"line":15,"column":0},"end":{"line":19,"column":1}},"locations":[{"start":{"line":15,"column":0},"end":{"line":19,"column":1}}]},"8":{"type":"branch","line":16,"loc":{"start":{"line":16,"column":27},"end":{"line":18,"column":3}},"locations":[{"start":{"line":16,"column":27},"end":{"line":18,"column":3}}]},"9":{"type":"branch","line":17,"loc":{"start":{"line":17,"column":24},"end":{"line":17,"column":58}},"locations":[{"start":{"line":17,"column":24},"end":{"line":17,"column":58}}]}},"b":{"0":[25331],"1":[23329],"2":[2002],"3":[2464],"4":[468],"5":[1996],"6":[6],"7":[10],"8":[25335],"9":[25331]},"fnMap":{"0":{"name":"isAnagram","decl":{"start":{"line":1,"column":0},"end":{"line":13,"column":1}},"loc":{"start":{"line":1,"column":0},"end":{"line":13,"column":1}},"line":1},"1":{"name":"getAnagrams","decl":{"start":{"line":15,"column":0},"end":{"line":19,"column":1}},"loc":{"start":{"line":15,"column":0},"end":{"line":19,"column":1}},"line":15}},"f":{"0":25331,"1":10}}
,"C:\\Users\\jonsa\\web-dev-frameworks\\web-dev-frameworks\\sprint-3\\3test-driver-dev\\anagrams-0\\src\\index.ts": {"path":"C:\\Users\\jonsa\\web-dev-frameworks\\web-dev-frameworks\\sprint-3\\3test-driver-dev\\anagrams-0\\src\\index.ts","all":false,"statementMap":{"0":{"start":{"line":1,"column":0},"end":{"line":1,"column":42}},"1":{"start":{"line":2,"column":0},"end":{"line":2,"column":41}},"2":{"start":{"line":3,"column":0},"end":{"line":3,"column":42}},"5":{"start":{"line":6,"column":0},"end":{"line":6,"column":38}},"9":{"start":{"line":10,"column":0},"end":{"line":10,"column":63}},"12":{"start":{"line":13,"column":0},"end":{"line":13,"column":47}},"14":{"start":{"line":15,"column":0},"end":{"line":15,"column":22}},"16":{"start":{"line":17,"column":0},"end":{"line":17,"column":34}},"17":{"start":{"line":18,"column":0},"end":{"line":18,"column":1}},"20":{"start":{"line":21,"column":0},"end":{"line":21,"column":71}},"21":{"start":{"line":22,"column":0},"end":{"line":22,"column":26}},"22":{"start":{"line":23,"column":0},"end":{"line":23,"column":2}},"24":{"start":{"line":25,"column":0},"end":{"line":25,"column":26}}},"s":{"0":1,"1":1,"2":1,"5":1,"9":1,"12":1,"14":1,"16":1,"17":1,"20":1,"21":1,"22":1,"24":1},"branchMap":{"0":{"type":"branch","line":25,"loc":{"start":{"line":25,"column":19},"end":{"line":25,"column":26}},"locations":[{"start":{"line":25,"column":19},"end":{"line":25,"column":26}}]},"1":{"type":"branch","line":6,"loc":{"start":{"line":6,"column":0},"end":{"line":18,"column":1}},"locations":[{"start":{"line":6,"column":0},"end":{"line":18,"column":1}}]}},"b":{"0":[0],"1":[1]},"fnMap":{"0":{"name":"main","decl":{"start":{"line":6,"column":0},"end":{"line":18,"column":1}},"loc":{"start":{"line":6,"column":0},"end":{"line":18,"column":1}},"line":6}},"f":{"0":1}}
,"C:\\Users\\jonsa\\web-dev-frameworks\\web-dev-frameworks\\sprint-3\\3test-driver-dev\\anagrams-0\\src\\showAnagrams.ts": {"path":"C:\\Users\\jonsa\\web-dev-frameworks\\web-dev-frameworks\\sprint-3\\3test-driver-dev\\anagrams-0\\src\\showAnagrams.ts","all":false,"statementMap":{"0":{"start":{"line":1,"column":0},"end":{"line":1,"column":34}},"1":{"start":{"line":2,"column":0},"end":{"line":2,"column":40}},"2":{"start":{"line":3,"column":0},"end":{"line":3,"column":40}},"4":{"start":{"line":5,"column":0},"end":{"line":5,"column":72}},"5":{"start":{"line":6,"column":0},"end":{"line":6,"column":68}},"6":{"start":{"line":7,"column":0},"end":{"line":7,"column":49}},"7":{"start":{"line":8,"column":0},"end":{"line":8,"column":40}},"9":{"start":{"line":10,"column":0},"end":{"line":10,"column":64}},"10":{"start":{"line":11,"column":0},"end":{"line":11,"column":1}}},"s":{"0":1,"1":1,"2":1,"4":3,"5":3,"6":3,"7":3,"9":3,"10":3},"branchMap":{"0":{"type":"branch","line":5,"loc":{"start":{"line":5,"column":0},"end":{"line":11,"column":1}},"locations":[{"start":{"line":5,"column":0},"end":{"line":11,"column":1}}]},"1":{"type":"branch","line":10,"loc":{"start":{"line":10,"column":37},"end":{"line":10,"column":62}},"locations":[{"start":{"line":10,"column":37},"end":{"line":10,"column":62}}]}},"b":{"0":[3],"1":[7]},"fnMap":{"0":{"name":"showAnagrams","decl":{"start":{"line":5,"column":0},"end":{"line":11,"column":1}},"loc":{"start":{"line":5,"column":0},"end":{"line":11,"column":1}},"line":5}},"f":{"0":3}}
}
